2024-03-17 07:39:59.698 INFO  (main) [c: s: r: x: t:] o.e.j.s.Server jetty-10.0.19; built: 2023-12-15T20:38:32.477Z; git: 8492d1c78f122bb30cce20aecfa07e7283facd47; jvm 17.0.10+7
2024-03-17 07:40:00.042 WARN  (main) [c: s: r: x: t:] o.e.j.u.DeprecationWarning Using @Deprecated Class org.eclipse.jetty.servlet.listener.ELContextCleaner
2024-03-17 07:40:00.090 INFO  (main) [c: s: r: x: t:] o.a.s.s.CoreContainerProvider Using logger factory org.apache.logging.slf4j.Log4jLoggerFactory
2024-03-17 07:40:00.101 INFO  (main) [c: s: r: x: t:] o.a.s.s.CoreContainerProvider  ___      _       Welcome to Apache Solr™ version 9.5.0
2024-03-17 07:40:00.101 INFO  (main) [c: s: r: x: t:] o.a.s.s.CoreContainerProvider / __| ___| |_ _   Starting in standalone mode on port 8983
2024-03-17 07:40:00.102 INFO  (main) [c: s: r: x: t:] o.a.s.s.CoreContainerProvider \__ \/ _ \ | '_|  Install dir: /opt/solr-9.5.0
2024-03-17 07:40:00.102 INFO  (main) [c: s: r: x: t:] o.a.s.s.CoreContainerProvider |___/\___/_|_|    Start time: 2024-03-17T07:40:00.102130879Z
2024-03-17 07:40:00.106 INFO  (main) [c: s: r: x: t:] o.a.s.s.CoreContainerProvider Solr started with "-XX:+CrashOnOutOfMemoryError" that will crash on any OutOfMemoryError exception. The cause of the OOME will be logged in the crash file at the following path: /var/solr/logs/jvm_crash_12.log
2024-03-17 07:40:00.138 INFO  (main) [c: s: r: x: t:] o.a.s.s.CoreContainerProvider Solr Home: /var/solr/data (source: system property: solr.solr.home)
2024-03-17 07:40:00.166 INFO  (main) [c: s: r: x: t:] o.a.s.c.SolrXmlConfig solr.xml not found in SOLR_HOME, using built-in default
2024-03-17 07:40:00.167 INFO  (main) [c: s: r: x: t:] o.a.s.c.SolrXmlConfig Loading solr.xml from /opt/solr-9.5.0/server/solr/solr.xml
2024-03-17 07:40:00.214 INFO  (main) [c: s: r: x: t:] o.a.s.c.SolrResourceLoader Added 1 libs to classloader, from paths: [/opt/solr-9.5.0/lib]
2024-03-17 07:40:01.131 INFO  (main) [c: s: r: x: t:] o.a.s.u.t.SimplePropagator Always-on trace id generation enabled.
2024-03-17 07:40:01.444 WARN  (main) [c: s: r: x: t:] o.a.s.u.StartupLoggingUtils Jetty request logging enabled. Will retain logs for last 3 days. See chapter "Configuring Logging" in reference guide for how to configure.
2024-03-17 07:40:01.447 WARN  (main) [c: s: r: x: t:] o.a.s.c.CoreContainer Not all security plugins configured!  authentication=disabled authorization=disabled.  Solr is only as secure as you make it. Consider configuring authentication/authorization before exposing Solr to users internal or external.  See https://s.apache.org/solrsecurity for more info
2024-03-17 07:40:01.621 INFO  (main) [c: s: r: x: t:] o.a.s.c.CorePropertiesLocator Found 1 core definitions underneath /var/solr/data
2024-03-17 07:40:01.622 INFO  (main) [c: s: r: x: t:] o.a.s.c.CorePropertiesLocator Cores are: [n11-restaurants]
2024-03-17 07:40:01.653 INFO  (coreLoadExecutor-11-thread-1) [c: s: r: x:n11-restaurants t:] o.a.s.c.SolrConfig Using Lucene MatchVersion: 9.9.0
2024-03-17 07:40:01.747 INFO  (coreLoadExecutor-11-thread-1) [c: s: r: x:n11-restaurants t:] o.a.s.s.IndexSchema Schema name=default-config
2024-03-17 07:40:01.833 WARN  (main) [c: s: r: x: t:] o.g.j.m.i.MessagingBinders A class jakarta.activation.DataSource for a default provider MessageBodyWriter<jakarta.activation.DataSource> was not found. The provider is not available.
2024-03-17 07:40:02.069 INFO  (coreLoadExecutor-11-thread-1) [c: s: r: x:n11-restaurants t:] o.a.s.s.IndexSchema Loaded schema default-config/1.6 with uniqueid field id
2024-03-17 07:40:02.069 INFO  (coreLoadExecutor-11-thread-1) [c: s: r: x:n11-restaurants t:] o.a.s.c.CoreContainer Creating SolrCore 'n11-restaurants' using configuration from instancedir /var/solr/data/n11-restaurants, trusted=true
2024-03-17 07:40:02.073 INFO  (main) [c: s: r: x: t:] o.a.s.j.SolrRequestAuthorizer Creating a new SolrRequestAuthorizer
2024-03-17 07:40:02.113 INFO  (coreLoadExecutor-11-thread-1) [c: s: r: x:n11-restaurants t:] o.a.s.c.SolrCore Opening new SolrCore at [/var/solr/data/n11-restaurants], dataDir=[/var/solr/data/n11-restaurants/data/]
2024-03-17 07:40:02.200 INFO  (main) [c: s: r: x: t:] o.e.j.s.h.ContextHandler Started o.e.j.w.WebAppContext@21362712{solr-jetty-context.xml,/solr,file:///opt/solr-9.5.0/server/solr-webapp/webapp/,AVAILABLE}{/opt/solr-9.5.0/server/solr-webapp/webapp}
2024-03-17 07:40:02.211 INFO  (main) [c: s: r: x: t:] o.e.j.s.RequestLogWriter Opened /var/solr/logs/2024_03_17.request.log
2024-03-17 07:40:02.216 INFO  (main) [c: s: r: x: t:] o.e.j.s.AbstractConnector Started ServerConnector@666b83a4{HTTP/1.1, (http/1.1, h2c)}{0.0.0.0:8983}
2024-03-17 07:40:02.217 INFO  (main) [c: s: r: x: t:] o.e.j.s.Server Started Server@3e8f7922{STARTING}[10.0.19,sto=0] @3789ms
2024-03-17 07:40:02.573 INFO  (coreLoadExecutor-11-thread-1) [c: s: r: x:n11-restaurants t:] o.a.s.j.SolrRequestAuthorizer Creating a new SolrRequestAuthorizer
2024-03-17 07:40:02.590 INFO  (coreLoadExecutor-11-thread-1) [c: s: r: x:n11-restaurants t:] o.a.s.u.UpdateHandler Using UpdateLog implementation: org.apache.solr.update.UpdateLog
2024-03-17 07:40:02.590 INFO  (coreLoadExecutor-11-thread-1) [c: s: r: x:n11-restaurants t:] o.a.s.u.UpdateLog Initializing UpdateLog: dataDir= defaultSyncLevel=FLUSH numRecordsToKeep=100 maxNumLogsToKeep=10 numVersionBuckets=65536
2024-03-17 07:40:02.615 INFO  (coreLoadExecutor-11-thread-1) [c: s: r: x:n11-restaurants t:] o.a.s.u.CommitTracker Hard AutoCommit: if uncommitted for 15000ms; 
2024-03-17 07:40:02.615 INFO  (coreLoadExecutor-11-thread-1) [c: s: r: x:n11-restaurants t:] o.a.s.u.CommitTracker Soft AutoCommit: if uncommitted for 3000ms; 
2024-03-17 07:40:02.757 INFO  (coreLoadExecutor-11-thread-1) [c: s: r: x:n11-restaurants t:] o.a.s.r.ManagedResourceStorage File-based storage initialized to use dir: /var/solr/data/n11-restaurants/conf
2024-03-17 07:40:02.774 INFO  (coreLoadExecutor-11-thread-1) [c: s: r: x:n11-restaurants t:] o.a.s.s.DirectSolrSpellChecker init: {name=default, field=_text_, classname=solr.DirectSolrSpellChecker, distanceMeasure=internal, maxEdits=2, minPrefix=1, maxInspections=5, minQueryLength=4, accuracy=0.5, maxQueryFrequency=0.01}
2024-03-17 07:40:02.781 INFO  (coreLoadExecutor-11-thread-1) [c: s: r: x:n11-restaurants t:] o.a.s.h.ReplicationHandler Commits will be reserved for 10000 ms
2024-03-17 07:40:02.782 INFO  (searcherExecutor-13-thread-1-processing-n11-restaurants) [c: s: r: x:n11-restaurants t:] o.a.s.c.QuerySenderListener QuerySenderListener done.
2024-03-17 07:40:02.782 INFO  (searcherExecutor-13-thread-1-processing-n11-restaurants) [c: s: r: x:n11-restaurants t:] o.a.s.h.c.SpellCheckComponent Loading spell index for spellchecker: default
2024-03-17 07:40:02.787 INFO  (searcherExecutor-13-thread-1-processing-n11-restaurants) [c: s: r: x:n11-restaurants t:] o.a.s.c.SolrCore Registered new searcher autowarm time: 0 ms
2024-03-17 08:16:24.562 INFO  (qtp1415289182-19-null-1) [c: s: r: x:n11-restaurants t:null-1] o.a.s.c.S.Request webapp=/solr path=/select params={q=*:*&start=0&rows=0&wt=javabin&version=2} hits=51 status=0 QTime=19
2024-03-17 08:16:24.584 INFO  (qtp1415289182-24-null-2) [c: s: r: x:n11-restaurants t:null-2] o.a.s.c.S.Request webapp=/solr path=/select params={q=*:*&start=0&rows=51&wt=javabin&version=2} hits=51 status=0 QTime=2
2024-03-17 09:58:59.861 INFO  (qtp1415289182-20-null-3) [c: s: r: x:n11-restaurants t:null-3] o.a.s.c.S.Request webapp=/solr path=/select params={q=*:*&start=0&rows=0&wt=javabin&version=2} hits=51 status=0 QTime=6
2024-03-17 09:58:59.878 INFO  (qtp1415289182-19-null-4) [c: s: r: x:n11-restaurants t:null-4] o.a.s.c.S.Request webapp=/solr path=/select params={q=*:*&start=0&rows=51&wt=javabin&version=2} hits=51 status=0 QTime=0
2024-03-17 11:03:44.103 INFO  (qtp1415289182-21-null-5) [c: s: r: x:n11-restaurants t:null-5] o.a.s.u.p.LogUpdateProcessorFactory webapp=/solr path=/update params={wt=javabin&version=2}{add=[f506fd9d-891a-4bfc-8775-06771f36b188 (1793771096314478592)]} 0 61
2024-03-17 11:03:44.167 INFO  (searcherExecutor-13-thread-1-processing-n11-restaurants null-6) [c: s: r: x:n11-restaurants t:null-6] o.a.s.c.QuerySenderListener QuerySenderListener done.
2024-03-17 11:03:44.173 INFO  (searcherExecutor-13-thread-1-processing-n11-restaurants null-6) [c: s: r: x:n11-restaurants t:null-6] o.a.s.c.SolrCore Registered new searcher autowarm time: 2 ms
2024-03-17 11:03:44.177 INFO  (qtp1415289182-20-null-6) [c: s: r: x:n11-restaurants t:null-6] o.a.s.u.p.LogUpdateProcessorFactory webapp=/solr path=/update params={waitSearcher=true&commit=true&softCommit=false&wt=javabin&version=2}{commit=} 0 63
2024-03-17 11:04:46.910 INFO  (qtp1415289182-26-null-7) [c: s: r: x:n11-restaurants t:null-7] o.a.s.u.p.LogUpdateProcessorFactory webapp=/solr path=/update params={wt=javabin&version=2}{add=[7ecbdc62-a945-462d-869e-3d1e7f9c7623 (1793771162200702976)]} 0 10
2024-03-17 11:04:46.986 INFO  (searcherExecutor-13-thread-1-processing-n11-restaurants null-8) [c: s: r: x:n11-restaurants t:null-8] o.a.s.c.QuerySenderListener QuerySenderListener done.
2024-03-17 11:04:46.990 INFO  (searcherExecutor-13-thread-1-processing-n11-restaurants null-8) [c: s: r: x:n11-restaurants t:null-8] o.a.s.c.SolrCore Registered new searcher autowarm time: 0 ms
2024-03-17 11:04:46.991 INFO  (qtp1415289182-23-null-8) [c: s: r: x:n11-restaurants t:null-8] o.a.s.u.p.LogUpdateProcessorFactory webapp=/solr path=/update params={waitSearcher=true&commit=true&softCommit=false&wt=javabin&version=2}{commit=} 0 50
2024-03-17 11:05:52.557 INFO  (qtp1415289182-26-null-10) [c: s: r: x: t:null-10] o.a.s.s.HttpSolrCall [admin] webapp=null path=/admin/cores params={indexInfo=false&wt=json&_=1710673552513} status=0 QTime=0
2024-03-17 11:05:52.560 INFO  (qtp1415289182-25-null-15) [c: s: r: x:n11-restaurants t:null-15] o.a.s.c.S.Request webapp=/solr path=/admin/ping params={action=status&wt=json&_=1710673552513&ts=1710673552513} status=503 QTime=1
2024-03-17 11:05:52.562 INFO  (qtp1415289182-23-null-12) [c: s: r: x:n11-restaurants t:null-12] o.a.s.c.S.Request webapp=/solr path=/admin/luke params={numTerms=0&show=index&wt=json&_=1710673552553} status=0 QTime=5
2024-03-17 11:05:52.565 INFO  (qtp1415289182-24-null-11) [c: s: r: x: t:null-11] o.a.s.s.HttpSolrCall [admin] webapp=null path=/admin/info/system params={wt=json&_=1710673552513} status=0 QTime=8
2024-03-17 11:05:52.569 INFO  (qtp1415289182-19-null-14) [c: s: r: x:n11-restaurants t:null-14] o.a.s.c.S.Request webapp=/solr path=/admin/system params={wt=json&_=1710673552553} status=0 QTime=10
2024-03-17 11:05:52.583 INFO  (qtp1415289182-21-null-13) [c: s: r: x:n11-restaurants t:null-13] o.a.s.c.S.Request webapp=/solr path=/replication params={wt=json&command=details&_=1710673552553} status=0 QTime=25
2024-03-17 11:07:32.672 INFO  (qtp1415289182-19-null-16) [c: s: r: x:n11-restaurants t:null-16] o.a.s.u.p.LogUpdateProcessorFactory webapp=/solr path=/update params={wt=javabin&version=2}{add=[aab213e1-d6cd-4604-b966-66573d2ee3a1 (1793771336012660736)]} 0 12
2024-03-17 11:07:32.752 INFO  (searcherExecutor-13-thread-1-processing-n11-restaurants null-17) [c: s: r: x:n11-restaurants t:null-17] o.a.s.c.QuerySenderListener QuerySenderListener done.
2024-03-17 11:07:32.755 INFO  (searcherExecutor-13-thread-1-processing-n11-restaurants null-17) [c: s: r: x:n11-restaurants t:null-17] o.a.s.c.SolrCore Registered new searcher autowarm time: 0 ms
2024-03-17 11:07:32.755 INFO  (qtp1415289182-27-null-17) [c: s: r: x:n11-restaurants t:null-17] o.a.s.u.p.LogUpdateProcessorFactory webapp=/solr path=/update params={waitSearcher=true&commit=true&softCommit=false&wt=javabin&version=2}{commit=} 0 52
2024-03-17 11:09:10.326 INFO  (qtp1415289182-24-null-18) [c: s: r: x:n11-restaurants t:null-18] o.a.s.u.p.LogUpdateProcessorFactory webapp=/solr path=/update params={wt=javabin&version=2}{add=[07dd5f11-c7e5-471c-8652-89fea51bba67 (1793771438408204288)]} 0 14
2024-03-17 11:09:10.386 INFO  (searcherExecutor-13-thread-1-processing-n11-restaurants null-19) [c: s: r: x:n11-restaurants t:null-19] o.a.s.c.QuerySenderListener QuerySenderListener done.
2024-03-17 11:09:10.388 INFO  (searcherExecutor-13-thread-1-processing-n11-restaurants null-19) [c: s: r: x:n11-restaurants t:null-19] o.a.s.c.SolrCore Registered new searcher autowarm time: 0 ms
2024-03-17 11:09:10.389 INFO  (qtp1415289182-18-null-19) [c: s: r: x:n11-restaurants t:null-19] o.a.s.u.p.LogUpdateProcessorFactory webapp=/solr path=/update params={waitSearcher=true&commit=true&softCommit=false&wt=javabin&version=2}{commit=} 0 53
2024-03-17 11:10:11.165 INFO  (qtp1415289182-24-null-20) [c: s: r: x:n11-restaurants t:null-20] o.a.s.c.S.Request webapp=/solr path=/select params={q=*:*&start=0&rows=0&wt=javabin&version=2} hits=55 status=0 QTime=2
2024-03-17 11:10:11.174 INFO  (qtp1415289182-18-null-21) [c: s: r: x:n11-restaurants t:null-21] o.a.s.c.S.Request webapp=/solr path=/select params={q=*:*&start=0&rows=55&wt=javabin&version=2} hits=55 status=0 QTime=1
2024-03-17 11:11:41.388 INFO  (qtp1415289182-24-null-22) [c: s: r: x:n11-restaurants t:null-22] o.a.s.c.S.Request webapp=/solr path=/select params={q=*:*&start=0&rows=0&wt=javabin&version=2} hits=55 status=0 QTime=1
2024-03-17 11:11:41.394 INFO  (qtp1415289182-18-null-23) [c: s: r: x:n11-restaurants t:null-23] o.a.s.c.S.Request webapp=/solr path=/select params={q=*:*&start=0&rows=55&wt=javabin&version=2} hits=55 status=0 QTime=0
2024-03-17 11:12:06.967 INFO  (qtp1415289182-24-null-24) [c: s: r: x:n11-restaurants t:null-24] o.a.s.c.S.Request webapp=/solr path=/select params={q=*:*&start=0&rows=0&wt=javabin&version=2} hits=55 status=0 QTime=1
2024-03-17 11:12:06.976 INFO  (qtp1415289182-18-null-25) [c: s: r: x:n11-restaurants t:null-25] o.a.s.c.S.Request webapp=/solr path=/select params={q=*:*&start=0&rows=55&wt=javabin&version=2} hits=55 status=0 QTime=1
2024-03-17 14:52:37.218 INFO  (qtp1415289182-47-null-26) [c: s: r: x:n11-restaurants t:null-26] o.a.s.c.S.Request webapp=/solr path=/select params={q=*:*&start=0&rows=0&wt=javabin&version=2} hits=55 status=0 QTime=5
2024-03-17 14:52:37.235 INFO  (qtp1415289182-21-null-27) [c: s: r: x:n11-restaurants t:null-27] o.a.s.c.S.Request webapp=/solr path=/select params={q=*:*&start=0&rows=55&wt=javabin&version=2} hits=55 status=0 QTime=0
2024-03-17 14:53:05.199 INFO  (qtp1415289182-47-null-28) [c: s: r: x:n11-restaurants t:null-28] o.a.s.c.S.Request webapp=/solr path=/select params={q=*:*&start=0&rows=0&wt=javabin&version=2} hits=55 status=0 QTime=1
2024-03-17 14:53:05.211 INFO  (qtp1415289182-20-null-29) [c: s: r: x:n11-restaurants t:null-29] o.a.s.c.S.Request webapp=/solr path=/select params={q=*:*&start=0&rows=55&wt=javabin&version=2} hits=55 status=0 QTime=1
2024-03-17 14:53:07.664 INFO  (qtp1415289182-47-null-30) [c: s: r: x:n11-restaurants t:null-30] o.a.s.c.S.Request webapp=/solr path=/select params={q=*:*&start=0&rows=0&wt=javabin&version=2} hits=55 status=0 QTime=0
2024-03-17 14:53:07.669 INFO  (qtp1415289182-20-null-31) [c: s: r: x:n11-restaurants t:null-31] o.a.s.c.S.Request webapp=/solr path=/select params={q=*:*&start=0&rows=55&wt=javabin&version=2} hits=55 status=0 QTime=1
2024-03-17 14:55:17.027 INFO  (qtp1415289182-27-null-32) [c: s: r: x:n11-restaurants t:null-32] o.a.s.c.S.Request webapp=/solr path=/select params={q=*:*&start=0&rows=0&wt=javabin&version=2} hits=55 status=0 QTime=1
2024-03-17 14:55:17.040 INFO  (qtp1415289182-25-null-33) [c: s: r: x:n11-restaurants t:null-33] o.a.s.c.S.Request webapp=/solr path=/select params={q=*:*&start=0&rows=55&wt=javabin&version=2} hits=55 status=0 QTime=1
2024-03-17 14:55:20.885 INFO  (qtp1415289182-27-null-34) [c: s: r: x:n11-restaurants t:null-34] o.a.s.c.S.Request webapp=/solr path=/select params={q=*:*&start=0&rows=0&wt=javabin&version=2} hits=55 status=0 QTime=1
2024-03-17 14:55:20.891 INFO  (qtp1415289182-25-null-35) [c: s: r: x:n11-restaurants t:null-35] o.a.s.c.S.Request webapp=/solr path=/select params={q=*:*&start=0&rows=55&wt=javabin&version=2} hits=55 status=0 QTime=1
2024-03-17 14:55:43.983 INFO  (qtp1415289182-27-null-36) [c: s: r: x:n11-restaurants t:null-36] o.a.s.c.S.Request webapp=/solr path=/select params={q=*:*&start=0&rows=0&wt=javabin&version=2} hits=55 status=0 QTime=1
2024-03-17 14:55:43.997 INFO  (qtp1415289182-24-null-37) [c: s: r: x:n11-restaurants t:null-37] o.a.s.c.S.Request webapp=/solr path=/select params={q=*:*&start=0&rows=55&wt=javabin&version=2} hits=55 status=0 QTime=1
2024-03-17 14:55:45.287 INFO  (qtp1415289182-27-null-38) [c: s: r: x:n11-restaurants t:null-38] o.a.s.c.S.Request webapp=/solr path=/select params={q=*:*&start=0&rows=0&wt=javabin&version=2} hits=55 status=0 QTime=1
2024-03-17 14:55:45.292 INFO  (qtp1415289182-24-null-39) [c: s: r: x:n11-restaurants t:null-39] o.a.s.c.S.Request webapp=/solr path=/select params={q=*:*&start=0&rows=55&wt=javabin&version=2} hits=55 status=0 QTime=1
2024-03-17 14:55:46.010 INFO  (qtp1415289182-27-null-40) [c: s: r: x:n11-restaurants t:null-40] o.a.s.c.S.Request webapp=/solr path=/select params={q=*:*&start=0&rows=0&wt=javabin&version=2} hits=55 status=0 QTime=1
2024-03-17 14:55:46.015 INFO  (qtp1415289182-24-null-41) [c: s: r: x:n11-restaurants t:null-41] o.a.s.c.S.Request webapp=/solr path=/select params={q=*:*&start=0&rows=55&wt=javabin&version=2} hits=55 status=0 QTime=0
2024-03-17 14:55:46.383 INFO  (qtp1415289182-27-null-42) [c: s: r: x:n11-restaurants t:null-42] o.a.s.c.S.Request webapp=/solr path=/select params={q=*:*&start=0&rows=0&wt=javabin&version=2} hits=55 status=0 QTime=0
2024-03-17 14:55:46.387 INFO  (qtp1415289182-24-null-43) [c: s: r: x:n11-restaurants t:null-43] o.a.s.c.S.Request webapp=/solr path=/select params={q=*:*&start=0&rows=55&wt=javabin&version=2} hits=55 status=0 QTime=0
2024-03-17 14:55:46.528 INFO  (qtp1415289182-27-null-44) [c: s: r: x:n11-restaurants t:null-44] o.a.s.c.S.Request webapp=/solr path=/select params={q=*:*&start=0&rows=0&wt=javabin&version=2} hits=55 status=0 QTime=0
2024-03-17 14:55:46.532 INFO  (qtp1415289182-24-null-45) [c: s: r: x:n11-restaurants t:null-45] o.a.s.c.S.Request webapp=/solr path=/select params={q=*:*&start=0&rows=55&wt=javabin&version=2} hits=55 status=0 QTime=0
2024-03-17 14:55:46.658 INFO  (qtp1415289182-27-null-46) [c: s: r: x:n11-restaurants t:null-46] o.a.s.c.S.Request webapp=/solr path=/select params={q=*:*&start=0&rows=0&wt=javabin&version=2} hits=55 status=0 QTime=0
2024-03-17 14:55:46.663 INFO  (qtp1415289182-24-null-47) [c: s: r: x:n11-restaurants t:null-47] o.a.s.c.S.Request webapp=/solr path=/select params={q=*:*&start=0&rows=55&wt=javabin&version=2} hits=55 status=0 QTime=0
2024-03-17 14:55:46.810 INFO  (qtp1415289182-27-null-48) [c: s: r: x:n11-restaurants t:null-48] o.a.s.c.S.Request webapp=/solr path=/select params={q=*:*&start=0&rows=0&wt=javabin&version=2} hits=55 status=0 QTime=0
2024-03-17 14:55:46.813 INFO  (qtp1415289182-24-null-49) [c: s: r: x:n11-restaurants t:null-49] o.a.s.c.S.Request webapp=/solr path=/select params={q=*:*&start=0&rows=55&wt=javabin&version=2} hits=55 status=0 QTime=0
2024-03-17 14:55:46.958 INFO  (qtp1415289182-27-null-50) [c: s: r: x:n11-restaurants t:null-50] o.a.s.c.S.Request webapp=/solr path=/select params={q=*:*&start=0&rows=0&wt=javabin&version=2} hits=55 status=0 QTime=0
2024-03-17 14:55:46.963 INFO  (qtp1415289182-24-null-51) [c: s: r: x:n11-restaurants t:null-51] o.a.s.c.S.Request webapp=/solr path=/select params={q=*:*&start=0&rows=55&wt=javabin&version=2} hits=55 status=0 QTime=0
2024-03-17 14:55:47.109 INFO  (qtp1415289182-27-null-52) [c: s: r: x:n11-restaurants t:null-52] o.a.s.c.S.Request webapp=/solr path=/select params={q=*:*&start=0&rows=0&wt=javabin&version=2} hits=55 status=0 QTime=0
2024-03-17 14:55:47.115 INFO  (qtp1415289182-24-null-53) [c: s: r: x:n11-restaurants t:null-53] o.a.s.c.S.Request webapp=/solr path=/select params={q=*:*&start=0&rows=55&wt=javabin&version=2} hits=55 status=0 QTime=0
2024-03-17 14:55:47.241 INFO  (qtp1415289182-27-null-54) [c: s: r: x:n11-restaurants t:null-54] o.a.s.c.S.Request webapp=/solr path=/select params={q=*:*&start=0&rows=0&wt=javabin&version=2} hits=55 status=0 QTime=0
2024-03-17 14:55:47.246 INFO  (qtp1415289182-24-null-55) [c: s: r: x:n11-restaurants t:null-55] o.a.s.c.S.Request webapp=/solr path=/select params={q=*:*&start=0&rows=55&wt=javabin&version=2} hits=55 status=0 QTime=0
2024-03-17 14:55:47.380 INFO  (qtp1415289182-27-null-56) [c: s: r: x:n11-restaurants t:null-56] o.a.s.c.S.Request webapp=/solr path=/select params={q=*:*&start=0&rows=0&wt=javabin&version=2} hits=55 status=0 QTime=0
2024-03-17 14:55:47.384 INFO  (qtp1415289182-24-null-57) [c: s: r: x:n11-restaurants t:null-57] o.a.s.c.S.Request webapp=/solr path=/select params={q=*:*&start=0&rows=55&wt=javabin&version=2} hits=55 status=0 QTime=0
2024-03-17 14:55:47.512 INFO  (qtp1415289182-27-null-58) [c: s: r: x:n11-restaurants t:null-58] o.a.s.c.S.Request webapp=/solr path=/select params={q=*:*&start=0&rows=0&wt=javabin&version=2} hits=55 status=0 QTime=2
2024-03-17 14:55:47.516 INFO  (qtp1415289182-24-null-59) [c: s: r: x:n11-restaurants t:null-59] o.a.s.c.S.Request webapp=/solr path=/select params={q=*:*&start=0&rows=55&wt=javabin&version=2} hits=55 status=0 QTime=0
2024-03-17 14:58:19.714 INFO  (qtp1415289182-21-null-60) [c: s: r: x:n11-restaurants t:null-60] o.a.s.c.S.Request webapp=/solr path=/select params={q=*:*&start=0&rows=0&wt=javabin&version=2} hits=55 status=0 QTime=1
2024-03-17 14:58:19.729 INFO  (qtp1415289182-48-null-61) [c: s: r: x:n11-restaurants t:null-61] o.a.s.c.S.Request webapp=/solr path=/select params={q=*:*&start=0&rows=55&wt=javabin&version=2} hits=55 status=0 QTime=1
2024-03-17 16:29:33.951 INFO  (qtp1415289182-47-null-62) [c: s: r: x:n11-restaurants t:null-62] o.a.s.c.S.Request webapp=/solr path=/select params={q=*:*&start=0&rows=0&wt=javabin&version=2} hits=55 status=0 QTime=5
2024-03-17 16:29:33.965 INFO  (qtp1415289182-26-null-63) [c: s: r: x:n11-restaurants t:null-63] o.a.s.c.S.Request webapp=/solr path=/select params={q=*:*&start=0&rows=55&wt=javabin&version=2} hits=55 status=0 QTime=0
